2009-05-17 21:53:39 Notice: Notice (1024): Please change the value of 'Security.salt' in app/config/core.php to a salt value specific to your application in [CORE/cake/libs/debugger.php, line 557]
2009-05-17 21:58:10 Notice: Notice (8): Undefined variable: HOST in [APP/views/pages/home.ctp, line 6]
2009-05-17 22:00:29 Notice: Notice (8): Undefined variable: HOST in [APP/controllers/author_controller.php, line 9]
2009-05-17 22:04:39 Notice: Notice (8): Undefined variable: ROOT in [APP/controllers/author_controller.php, line 9]
2009-05-23 21:47:29 Notice: Notice (8): Undefined variable: HOST in [APP/views/pages/home.ctp, line 6]
2009-05-24 09:33:47 Notice: Notice (8): Undefined variable: ROOT in [APP/controllers/author_controller.php, line 9]
2009-05-24 09:48:58 Notice: Notice (8): Undefined variable: ROOT in [APP/controllers/author_controller.php, line 9]
2009-05-24 09:49:47 Notice: Notice (8): Undefined variable: host in [APP/views/author/index.ctp, line 20]
2009-05-24 10:59:34 Notice: Notice (8): Undefined variable: javascript in [APP/views/layouts/default.ctp, line 10]
2009-05-24 11:04:39 Notice: Notice (8): Undefined variable: javascript in [APP/views/pages/home.ctp, line 1]
2009-05-24 11:08:42 Notice: Notice (8): Undefined variable: javascript in [APP/views/pages/home.ctp, line 1]
2009-05-24 11:11:45 Notice: Notice (8): Undefined variable: javascript in [APP/views/pages/home.ctp, line 1]
2009-05-24 11:11:51 Notice: Notice (8): Undefined variable: javascript in [APP/views/pages/home.ctp, line 1]
2009-05-24 11:12:43 Notice: Notice (8): Undefined variable: javascript in [APP/views/pages/home.ctp, line 1]
2009-05-24 17:24:58 Notice: Notice (8): Undefined variable: javascript in [APP/views/pages/home.ctp, line 1]
2009-05-24 21:18:55 Notice: Notice (8): Undefined property: LoginController::$session in [APP/controllers/login_controller.php, line 20]
2009-05-24 21:19:41 Notice: Notice (8): Undefined index:  id in [APP/controllers/login_controller.php, line 20]
2009-05-24 23:05:31 Notice: Notice (8): Undefined variable: CSS in [APP/views/author/index.ctp, line 2]
2009-05-24 23:05:31 Notice: Notice (8): Undefined index:  modified in [APP/views/author/index.ctp, line 32]
2009-05-24 23:08:07 Notice: Notice (8): Undefined variable: CSS in [APP/views/author/index.ctp, line 2]
2009-05-24 23:08:07 Notice: Notice (8): Undefined index:  modified in [APP/views/author/index.ctp, line 32]
